INFO: Make training model default
INFO: BaseInpaintingTrainingModule init called
INFO: Make generator ffc_resnet
INFO: Generator
FFCResNetGenerator(
  (model): Sequential(
    (0): ReflectionPad2d((3, 3, 3, 3))
    (1): FFC_BN_ACT(
      (ffc): FFC(
        (convl2l): Conv2d(4, 64, kernel_size=(7, 7), stride=(1, 1), bias=False, padding_mode=reflect)
        (convl2g): Identity()
        (convg2l): Identity()
        (convg2g): Identity()
        (gate): Identity()
      )
      (bn_l): BatchNorm2d(64, eps=1e-05, momentum=0.1, affine=True, track_running_stats=True)
      (bn_g): Identity()
      (act_l): ReLU(inplace=True)
      (act_g): Identity()
    )
    (2): FFC_BN_ACT(
      (ffc): FFC(
        (convl2l): Conv2d(64, 128, kernel_size=(3, 3), stride=(2, 2), padding=(1, 1), bias=False, padding_mode=reflect)
        (convl2g): Identity()
        (convg2l): Identity()
        (convg2g): Identity()
        (gate): Identity()
      )
      (bn_l): BatchNorm2d(128, eps=1e-05, momentum=0.1, affine=True, track_running_stats=True)
      (bn_g): Identity()
      (act_l): ReLU(inplace=True)
      (act_g): Identity()
    )
    (3): FFC_BN_ACT(
      (ffc): FFC(
        (convl2l): Conv2d(128, 256, kernel_size=(3, 3), stride=(2, 2), padding=(1, 1), bias=False, padding_mode=reflect)
        (convl2g): Identity()
        (convg2l): Identity()
        (convg2g): Identity()
        (gate): Identity()
      )
      (bn_l): BatchNorm2d(256, eps=1e-05, momentum=0.1, affine=True, track_running_stats=True)
      (bn_g): Identity()
      (act_l): ReLU(inplace=True)
      (act_g): Identity()
    )
    (4): FFC_BN_ACT(
      (ffc): FFC(
        (convl2l): Conv2d(256, 128, kernel_size=(3, 3), stride=(2, 2), padding=(1, 1), bias=False, padding_mode=reflect)
        (convl2g): Conv2d(256, 384, kernel_size=(3, 3), stride=(2, 2), padding=(1, 1), bias=False, padding_mode=reflect)
        (convg2l): Identity()
        (convg2g): Identity()
        (gate): Identity()
      )
      (bn_l): BatchNorm2d(128, eps=1e-05, momentum=0.1, affine=True, track_running_stats=True)
      (bn_g): BatchNorm2d(384, eps=1e-05, momentum=0.1, affine=True, track_running_stats=True)
      (act_l): ReLU(inplace=True)
      (act_g): ReLU(inplace=True)
    )
    (5): FFCResnetBlock(
      (conv1): FFC_BN_ACT(
        (ffc): FFC(
          (convl2l): Conv2d(128, 128, kernel_size=(3, 3), stride=(1, 1), padding=(1, 1), bias=False, padding_mode=reflect)
          (convl2g): Conv2d(128, 384, kernel_size=(3, 3), stride=(1, 1), padding=(1, 1), bias=False, padding_mode=reflect)
          (convg2l): Conv2d(384, 128, kernel_size=(3, 3), stride=(1, 1), padding=(1, 1), bias=False, padding_mode=reflect)
          (convg2g): SpectralTransform(
            (downsample): Identity()
            (conv1): Sequential(
              (0): Conv2d(384, 192, kernel_size=(1, 1), stride=(1, 1), bias=False)
              (1): BatchNorm2d(192, eps=1e-05, momentum=0.1, affine=True, track_running_stats=True)
              (2): ReLU(inplace=True)
            )
            (fu): FourierUnit(
              (conv_layer): Conv2d(384, 384, kernel_size=(1, 1), stride=(1, 1), bias=False)
              (bn): BatchNorm2d(384, eps=1e-05, momentum=0.1, affine=True, track_running_stats=True)
              (relu): ReLU(inplace=True)
            )
            (conv2): Conv2d(192, 384, kernel_size=(1, 1), stride=(1, 1), bias=False)
          )
          (gate): Identity()
        )
        (bn_l): BatchNorm2d(128, eps=1e-05, momentum=0.1, affine=True, track_running_stats=True)
        (bn_g): BatchNorm2d(384, eps=1e-05, momentum=0.1, affine=True, track_running_stats=True)
        (act_l): ReLU(inplace=True)
        (act_g): ReLU(inplace=True)
      )
      (conv2): FFC_BN_ACT(
        (ffc): FFC(
          (convl2l): Conv2d(128, 128, kernel_size=(3, 3), stride=(1, 1), padding=(1, 1), bias=False, padding_mode=reflect)
          (convl2g): Conv2d(128, 384, kernel_size=(3, 3), stride=(1, 1), padding=(1, 1), bias=False, padding_mode=reflect)
          (convg2l): Conv2d(384, 128, kernel_size=(3, 3), stride=(1, 1), padding=(1, 1), bias=False, padding_mode=reflect)
          (convg2g): SpectralTransform(
            (downsample): Identity()
            (conv1): Sequential(
              (0): Conv2d(384, 192, kernel_size=(1, 1), stride=(1, 1), bias=False)
              (1): BatchNorm2d(192, eps=1e-05, momentum=0.1, affine=True, track_running_stats=True)
              (2): ReLU(inplace=True)
            )
            (fu): FourierUnit(
              (conv_layer): Conv2d(384, 384, kernel_size=(1, 1), stride=(1, 1), bias=False)
              (bn): BatchNorm2d(384, eps=1e-05, momentum=0.1, affine=True, track_running_stats=True)
              (relu): ReLU(inplace=True)
            )
            (conv2): Conv2d(192, 384, kernel_size=(1, 1), stride=(1, 1), bias=False)
          )
          (gate): Identity()
        )
        (bn_l): BatchNorm2d(128, eps=1e-05, momentum=0.1, affine=True, track_running_stats=True)
        (bn_g): BatchNorm2d(384, eps=1e-05, momentum=0.1, affine=True, track_running_stats=True)
        (act_l): ReLU(inplace=True)
        (act_g): ReLU(inplace=True)
      )
    )
    (6): FFCResnetBlock(
      (conv1): FFC_BN_ACT(
        (ffc): FFC(
          (convl2l): Conv2d(128, 128, kernel_size=(3, 3), stride=(1, 1), padding=(1, 1), bias=False, padding_mode=reflect)
          (convl2g): Conv2d(128, 384, kernel_size=(3, 3), stride=(1, 1), padding=(1, 1), bias=False, padding_mode=reflect)
          (convg2l): Conv2d(384, 128, kernel_size=(3, 3), stride=(1, 1), padding=(1, 1), bias=False, padding_mode=reflect)
          (convg2g): SpectralTransform(
            (downsample): Identity()
            (conv1): Sequential(
              (0): Conv2d(384, 192, kernel_size=(1, 1), stride=(1, 1), bias=False)
              (1): BatchNorm2d(192, eps=1e-05, momentum=0.1, affine=True, track_running_stats=True)
              (2): ReLU(inplace=True)
            )
            (fu): FourierUnit(
              (conv_layer): Conv2d(384, 384, kernel_size=(1, 1), stride=(1, 1), bias=False)
              (bn): BatchNorm2d(384, eps=1e-05, momentum=0.1, affine=True, track_running_stats=True)
              (relu): ReLU(inplace=True)
            )
            (conv2): Conv2d(192, 384, kernel_size=(1, 1), stride=(1, 1), bias=False)
          )
          (gate): Identity()
        )
        (bn_l): BatchNorm2d(128, eps=1e-05, momentum=0.1, affine=True, track_running_stats=True)
        (bn_g): BatchNorm2d(384, eps=1e-05, momentum=0.1, affine=True, track_running_stats=True)
        (act_l): ReLU(inplace=True)
        (act_g): ReLU(inplace=True)
      )
      (conv2): FFC_BN_ACT(
        (ffc): FFC(
          (convl2l): Conv2d(128, 128, kernel_size=(3, 3), stride=(1, 1), padding=(1, 1), bias=False, padding_mode=reflect)
          (convl2g): Conv2d(128, 384, kernel_size=(3, 3), stride=(1, 1), padding=(1, 1), bias=False, padding_mode=reflect)
          (convg2l): Conv2d(384, 128, kernel_size=(3, 3), stride=(1, 1), padding=(1, 1), bias=False, padding_mode=reflect)
          (convg2g): SpectralTransform(
            (downsample): Identity()
            (conv1): Sequential(
              (0): Conv2d(384, 192, kernel_size=(1, 1), stride=(1, 1), bias=False)
              (1): BatchNorm2d(192, eps=1e-05, momentum=0.1, affine=True, track_running_stats=True)
              (2): ReLU(inplace=True)
            )
            (fu): FourierUnit(
              (conv_layer): Conv2d(384, 384, kernel_size=(1, 1), stride=(1, 1), bias=False)
              (bn): BatchNorm2d(384, eps=1e-05, momentum=0.1, affine=True, track_running_stats=True)
              (relu): ReLU(inplace=True)
            )
            (conv2): Conv2d(192, 384, kernel_size=(1, 1), stride=(1, 1), bias=False)
          )
          (gate): Identity()
        )
        (bn_l): BatchNorm2d(128, eps=1e-05, momentum=0.1, affine=True, track_running_stats=True)
        (bn_g): BatchNorm2d(384, eps=1e-05, momentum=0.1, affine=True, track_running_stats=True)
        (act_l): ReLU(inplace=True)
        (act_g): ReLU(inplace=True)
      )
    )
    (7): FFCResnetBlock(
      (conv1): FFC_BN_ACT(
        (ffc): FFC(
          (convl2l): Conv2d(128, 128, kernel_size=(3, 3), stride=(1, 1), padding=(1, 1), bias=False, padding_mode=reflect)
          (convl2g): Conv2d(128, 384, kernel_size=(3, 3), stride=(1, 1), padding=(1, 1), bias=False, padding_mode=reflect)
          (convg2l): Conv2d(384, 128, kernel_size=(3, 3), stride=(1, 1), padding=(1, 1), bias=False, padding_mode=reflect)
          (convg2g): SpectralTransform(
            (downsample): Identity()
            (conv1): Sequential(
              (0): Conv2d(384, 192, kernel_size=(1, 1), stride=(1, 1), bias=False)
              (1): BatchNorm2d(192, eps=1e-05, momentum=0.1, affine=True, track_running_stats=True)
              (2): ReLU(inplace=True)
            )
            (fu): FourierUnit(
              (conv_layer): Conv2d(384, 384, kernel_size=(1, 1), stride=(1, 1), bias=False)
              (bn): BatchNorm2d(384, eps=1e-05, momentum=0.1, affine=True, track_running_stats=True)
              (relu): ReLU(inplace=True)
            )
            (conv2): Conv2d(192, 384, kernel_size=(1, 1), stride=(1, 1), bias=False)
          )
          (gate): Identity()
        )
        (bn_l): BatchNorm2d(128, eps=1e-05, momentum=0.1, affine=True, track_running_stats=True)
        (bn_g): BatchNorm2d(384, eps=1e-05, momentum=0.1, affine=True, track_running_stats=True)
        (act_l): ReLU(inplace=True)
        (act_g): ReLU(inplace=True)
      )
      (conv2): FFC_BN_ACT(
        (ffc): FFC(
          (convl2l): Conv2d(128, 128, kernel_size=(3, 3), stride=(1, 1), padding=(1, 1), bias=False, padding_mode=reflect)
          (convl2g): Conv2d(128, 384, kernel_size=(3, 3), stride=(1, 1), padding=(1, 1), bias=False, padding_mode=reflect)
          (convg2l): Conv2d(384, 128, kernel_size=(3, 3), stride=(1, 1), padding=(1, 1), bias=False, padding_mode=reflect)
          (convg2g): SpectralTransform(
            (downsample): Identity()
            (conv1): Sequential(
              (0): Conv2d(384, 192, kernel_size=(1, 1), stride=(1, 1), bias=False)
              (1): BatchNorm2d(192, eps=1e-05, momentum=0.1, affine=True, track_running_stats=True)
              (2): ReLU(inplace=True)
            )
            (fu): FourierUnit(
              (conv_layer): Conv2d(384, 384, kernel_size=(1, 1), stride=(1, 1), bias=False)
              (bn): BatchNorm2d(384, eps=1e-05, momentum=0.1, affine=True, track_running_stats=True)
              (relu): ReLU(inplace=True)
            )
            (conv2): Conv2d(192, 384, kernel_size=(1, 1), stride=(1, 1), bias=False)
          )
          (gate): Identity()
        )
        (bn_l): BatchNorm2d(128, eps=1e-05, momentum=0.1, affine=True, track_running_stats=True)
        (bn_g): BatchNorm2d(384, eps=1e-05, momentum=0.1, affine=True, track_running_stats=True)
        (act_l): ReLU(inplace=True)
        (act_g): ReLU(inplace=True)
      )
    )
    (8): FFCResnetBlock(
      (conv1): FFC_BN_ACT(
        (ffc): FFC(
          (convl2l): Conv2d(128, 128, kernel_size=(3, 3), stride=(1, 1), padding=(1, 1), bias=False, padding_mode=reflect)
          (convl2g): Conv2d(128, 384, kernel_size=(3, 3), stride=(1, 1), padding=(1, 1), bias=False, padding_mode=reflect)
          (convg2l): Conv2d(384, 128, kernel_size=(3, 3), stride=(1, 1), padding=(1, 1), bias=False, padding_mode=reflect)
          (convg2g): SpectralTransform(
            (downsample): Identity()
            (conv1): Sequential(
              (0): Conv2d(384, 192, kernel_size=(1, 1), stride=(1, 1), bias=False)
              (1): BatchNorm2d(192, eps=1e-05, momentum=0.1, affine=True, track_running_stats=True)
              (2): ReLU(inplace=True)
            )
            (fu): FourierUnit(
              (conv_layer): Conv2d(384, 384, kernel_size=(1, 1), stride=(1, 1), bias=False)
              (bn): BatchNorm2d(384, eps=1e-05, momentum=0.1, affine=True, track_running_stats=True)
              (relu): ReLU(inplace=True)
            )
            (conv2): Conv2d(192, 384, kernel_size=(1, 1), stride=(1, 1), bias=False)
          )
          (gate): Identity()
        )
        (bn_l): BatchNorm2d(128, eps=1e-05, momentum=0.1, affine=True, track_running_stats=True)
        (bn_g): BatchNorm2d(384, eps=1e-05, momentum=0.1, affine=True, track_running_stats=True)
        (act_l): ReLU(inplace=True)
        (act_g): ReLU(inplace=True)
      )
      (conv2): FFC_BN_ACT(
        (ffc): FFC(
          (convl2l): Conv2d(128, 128, kernel_size=(3, 3), stride=(1, 1), padding=(1, 1), bias=False, padding_mode=reflect)
          (convl2g): Conv2d(128, 384, kernel_size=(3, 3), stride=(1, 1), padding=(1, 1), bias=False, padding_mode=reflect)
          (convg2l): Conv2d(384, 128, kernel_size=(3, 3), stride=(1, 1), padding=(1, 1), bias=False, padding_mode=reflect)
          (convg2g): SpectralTransform(
            (downsample): Identity()
            (conv1): Sequential(
              (0): Conv2d(384, 192, kernel_size=(1, 1), stride=(1, 1), bias=False)
              (1): BatchNorm2d(192, eps=1e-05, momentum=0.1, affine=True, track_running_stats=True)
              (2): ReLU(inplace=True)
            )
            (fu): FourierUnit(
              (conv_layer): Conv2d(384, 384, kernel_size=(1, 1), stride=(1, 1), bias=False)
              (bn): BatchNorm2d(384, eps=1e-05, momentum=0.1, affine=True, track_running_stats=True)
              (relu): ReLU(inplace=True)
            )
            (conv2): Conv2d(192, 384, kernel_size=(1, 1), stride=(1, 1), bias=False)
          )
          (gate): Identity()
        )
        (bn_l): BatchNorm2d(128, eps=1e-05, momentum=0.1, affine=True, track_running_stats=True)
        (bn_g): BatchNorm2d(384, eps=1e-05, momentum=0.1, affine=True, track_running_stats=True)
        (act_l): ReLU(inplace=True)
        (act_g): ReLU(inplace=True)
      )
    )
    (9): FFCResnetBlock(
      (conv1): FFC_BN_ACT(
        (ffc): FFC(
          (convl2l): Conv2d(128, 128, kernel_size=(3, 3), stride=(1, 1), padding=(1, 1), bias=False, padding_mode=reflect)
          (convl2g): Conv2d(128, 384, kernel_size=(3, 3), stride=(1, 1), padding=(1, 1), bias=False, padding_mode=reflect)
          (convg2l): Conv2d(384, 128, kernel_size=(3, 3), stride=(1, 1), padding=(1, 1), bias=False, padding_mode=reflect)
          (convg2g): SpectralTransform(
            (downsample): Identity()
            (conv1): Sequential(
              (0): Conv2d(384, 192, kernel_size=(1, 1), stride=(1, 1), bias=False)
              (1): BatchNorm2d(192, eps=1e-05, momentum=0.1, affine=True, track_running_stats=True)
              (2): ReLU(inplace=True)
            )
            (fu): FourierUnit(
              (conv_layer): Conv2d(384, 384, kernel_size=(1, 1), stride=(1, 1), bias=False)
              (bn): BatchNorm2d(384, eps=1e-05, momentum=0.1, affine=True, track_running_stats=True)
              (relu): ReLU(inplace=True)
            )
            (conv2): Conv2d(192, 384, kernel_size=(1, 1), stride=(1, 1), bias=False)
          )
          (gate): Identity()
        )
        (bn_l): BatchNorm2d(128, eps=1e-05, momentum=0.1, affine=True, track_running_stats=True)
        (bn_g): BatchNorm2d(384, eps=1e-05, momentum=0.1, affine=True, track_running_stats=True)
        (act_l): ReLU(inplace=True)
        (act_g): ReLU(inplace=True)
      )
      (conv2): FFC_BN_ACT(
        (ffc): FFC(
          (convl2l): Conv2d(128, 128, kernel_size=(3, 3), stride=(1, 1), padding=(1, 1), bias=False, padding_mode=reflect)
          (convl2g): Conv2d(128, 384, kernel_size=(3, 3), stride=(1, 1), padding=(1, 1), bias=False, padding_mode=reflect)
          (convg2l): Conv2d(384, 128, kernel_size=(3, 3), stride=(1, 1), padding=(1, 1), bias=False, padding_mode=reflect)
          (convg2g): SpectralTransform(
            (downsample): Identity()
            (conv1): Sequential(
              (0): Conv2d(384, 192, kernel_size=(1, 1), stride=(1, 1), bias=False)
              (1): BatchNorm2d(192, eps=1e-05, momentum=0.1, affine=True, track_running_stats=True)
              (2): ReLU(inplace=True)
            )
            (fu): FourierUnit(
              (conv_layer): Conv2d(384, 384, kernel_size=(1, 1), stride=(1, 1), bias=False)
              (bn): BatchNorm2d(384, eps=1e-05, momentum=0.1, affine=True, track_running_stats=True)
              (relu): ReLU(inplace=True)
            )
            (conv2): Conv2d(192, 384, kernel_size=(1, 1), stride=(1, 1), bias=False)
          )
          (gate): Identity()
        )
        (bn_l): BatchNorm2d(128, eps=1e-05, momentum=0.1, affine=True, track_running_stats=True)
        (bn_g): BatchNorm2d(384, eps=1e-05, momentum=0.1, affine=True, track_running_stats=True)
        (act_l): ReLU(inplace=True)
        (act_g): ReLU(inplace=True)
      )
    )
    (10): FFCResnetBlock(
      (conv1): FFC_BN_ACT(
        (ffc): FFC(
          (convl2l): Conv2d(128, 128, kernel_size=(3, 3), stride=(1, 1), padding=(1, 1), bias=False, padding_mode=reflect)
          (convl2g): Conv2d(128, 384, kernel_size=(3, 3), stride=(1, 1), padding=(1, 1), bias=False, padding_mode=reflect)
          (convg2l): Conv2d(384, 128, kernel_size=(3, 3), stride=(1, 1), padding=(1, 1), bias=False, padding_mode=reflect)
          (convg2g): SpectralTransform(
            (downsample): Identity()
            (conv1): Sequential(
              (0): Conv2d(384, 192, kernel_size=(1, 1), stride=(1, 1), bias=False)
              (1): BatchNorm2d(192, eps=1e-05, momentum=0.1, affine=True, track_running_stats=True)
              (2): ReLU(inplace=True)
            )
            (fu): FourierUnit(
              (conv_layer): Conv2d(384, 384, kernel_size=(1, 1), stride=(1, 1), bias=False)
              (bn): BatchNorm2d(384, eps=1e-05, momentum=0.1, affine=True, track_running_stats=True)
              (relu): ReLU(inplace=True)
            )
            (conv2): Conv2d(192, 384, kernel_size=(1, 1), stride=(1, 1), bias=False)
          )
          (gate): Identity()
        )
        (bn_l): BatchNorm2d(128, eps=1e-05, momentum=0.1, affine=True, track_running_stats=True)
        (bn_g): BatchNorm2d(384, eps=1e-05, momentum=0.1, affine=True, track_running_stats=True)
        (act_l): ReLU(inplace=True)
        (act_g): ReLU(inplace=True)
      )
      (conv2): FFC_BN_ACT(
        (ffc): FFC(
          (convl2l): Conv2d(128, 128, kernel_size=(3, 3), stride=(1, 1), padding=(1, 1), bias=False, padding_mode=reflect)
          (convl2g): Conv2d(128, 384, kernel_size=(3, 3), stride=(1, 1), padding=(1, 1), bias=False, padding_mode=reflect)
          (convg2l): Conv2d(384, 128, kernel_size=(3, 3), stride=(1, 1), padding=(1, 1), bias=False, padding_mode=reflect)
          (convg2g): SpectralTransform(
            (downsample): Identity()
            (conv1): Sequential(
              (0): Conv2d(384, 192, kernel_size=(1, 1), stride=(1, 1), bias=False)
              (1): BatchNorm2d(192, eps=1e-05, momentum=0.1, affine=True, track_running_stats=True)
              (2): ReLU(inplace=True)
            )
            (fu): FourierUnit(
              (conv_layer): Conv2d(384, 384, kernel_size=(1, 1), stride=(1, 1), bias=False)
              (bn): BatchNorm2d(384, eps=1e-05, momentum=0.1, affine=True, track_running_stats=True)
              (relu): ReLU(inplace=True)
            )
            (conv2): Conv2d(192, 384, kernel_size=(1, 1), stride=(1, 1), bias=False)
          )
          (gate): Identity()
        )
        (bn_l): BatchNorm2d(128, eps=1e-05, momentum=0.1, affine=True, track_running_stats=True)
        (bn_g): BatchNorm2d(384, eps=1e-05, momentum=0.1, affine=True, track_running_stats=True)
        (act_l): ReLU(inplace=True)
        (act_g): ReLU(inplace=True)
      )
    )
    (11): FFCResnetBlock(
      (conv1): FFC_BN_ACT(
        (ffc): FFC(
          (convl2l): Conv2d(128, 128, kernel_size=(3, 3), stride=(1, 1), padding=(1, 1), bias=False, padding_mode=reflect)
          (convl2g): Conv2d(128, 384, kernel_size=(3, 3), stride=(1, 1), padding=(1, 1), bias=False, padding_mode=reflect)
          (convg2l): Conv2d(384, 128, kernel_size=(3, 3), stride=(1, 1), padding=(1, 1), bias=False, padding_mode=reflect)
          (convg2g): SpectralTransform(
            (downsample): Identity()
            (conv1): Sequential(
              (0): Conv2d(384, 192, kernel_size=(1, 1), stride=(1, 1), bias=False)
              (1): BatchNorm2d(192, eps=1e-05, momentum=0.1, affine=True, track_running_stats=True)
              (2): ReLU(inplace=True)
            )
            (fu): FourierUnit(
              (conv_layer): Conv2d(384, 384, kernel_size=(1, 1), stride=(1, 1), bias=False)
              (bn): BatchNorm2d(384, eps=1e-05, momentum=0.1, affine=True, track_running_stats=True)
              (relu): ReLU(inplace=True)
            )
            (conv2): Conv2d(192, 384, kernel_size=(1, 1), stride=(1, 1), bias=False)
          )
          (gate): Identity()
        )
        (bn_l): BatchNorm2d(128, eps=1e-05, momentum=0.1, affine=True, track_running_stats=True)
        (bn_g): BatchNorm2d(384, eps=1e-05, momentum=0.1, affine=True, track_running_stats=True)
        (act_l): ReLU(inplace=True)
        (act_g): ReLU(inplace=True)
      )
      (conv2): FFC_BN_ACT(
        (ffc): FFC(
          (convl2l): Conv2d(128, 128, kernel_size=(3, 3), stride=(1, 1), padding=(1, 1), bias=False, padding_mode=reflect)
          (convl2g): Conv2d(128, 384, kernel_size=(3, 3), stride=(1, 1), padding=(1, 1), bias=False, padding_mode=reflect)
          (convg2l): Conv2d(384, 128, kernel_size=(3, 3), stride=(1, 1), padding=(1, 1), bias=False, padding_mode=reflect)
          (convg2g): SpectralTransform(
            (downsample): Identity()
            (conv1): Sequential(
              (0): Conv2d(384, 192, kernel_size=(1, 1), stride=(1, 1), bias=False)
              (1): BatchNorm2d(192, eps=1e-05, momentum=0.1, affine=True, track_running_stats=True)
              (2): ReLU(inplace=True)
            )
            (fu): FourierUnit(
              (conv_layer): Conv2d(384, 384, kernel_size=(1, 1), stride=(1, 1), bias=False)
              (bn): BatchNorm2d(384, eps=1e-05, momentum=0.1, affine=True, track_running_stats=True)
              (relu): ReLU(inplace=True)
            )
            (conv2): Conv2d(192, 384, kernel_size=(1, 1), stride=(1, 1), bias=False)
          )
          (gate): Identity()
        )
        (bn_l): BatchNorm2d(128, eps=1e-05, momentum=0.1, affine=True, track_running_stats=True)
        (bn_g): BatchNorm2d(384, eps=1e-05, momentum=0.1, affine=True, track_running_stats=True)
        (act_l): ReLU(inplace=True)
        (act_g): ReLU(inplace=True)
      )
    )
    (12): FFCResnetBlock(
      (conv1): FFC_BN_ACT(
        (ffc): FFC(
          (convl2l): Conv2d(128, 128, kernel_size=(3, 3), stride=(1, 1), padding=(1, 1), bias=False, padding_mode=reflect)
          (convl2g): Conv2d(128, 384, kernel_size=(3, 3), stride=(1, 1), padding=(1, 1), bias=False, padding_mode=reflect)
          (convg2l): Conv2d(384, 128, kernel_size=(3, 3), stride=(1, 1), padding=(1, 1), bias=False, padding_mode=reflect)
          (convg2g): SpectralTransform(
            (downsample): Identity()
            (conv1): Sequential(
              (0): Conv2d(384, 192, kernel_size=(1, 1), stride=(1, 1), bias=False)
              (1): BatchNorm2d(192, eps=1e-05, momentum=0.1, affine=True, track_running_stats=True)
              (2): ReLU(inplace=True)
            )
            (fu): FourierUnit(
              (conv_layer): Conv2d(384, 384, kernel_size=(1, 1), stride=(1, 1), bias=False)
              (bn): BatchNorm2d(384, eps=1e-05, momentum=0.1, affine=True, track_running_stats=True)
              (relu): ReLU(inplace=True)
            )
            (conv2): Conv2d(192, 384, kernel_size=(1, 1), stride=(1, 1), bias=False)
          )
          (gate): Identity()
        )
        (bn_l): BatchNorm2d(128, eps=1e-05, momentum=0.1, affine=True, track_running_stats=True)
        (bn_g): BatchNorm2d(384, eps=1e-05, momentum=0.1, affine=True, track_running_stats=True)
        (act_l): ReLU(inplace=True)
        (act_g): ReLU(inplace=True)
      )
      (conv2): FFC_BN_ACT(
        (ffc): FFC(
          (convl2l): Conv2d(128, 128, kernel_size=(3, 3), stride=(1, 1), padding=(1, 1), bias=False, padding_mode=reflect)
          (convl2g): Conv2d(128, 384, kernel_size=(3, 3), stride=(1, 1), padding=(1, 1), bias=False, padding_mode=reflect)
          (convg2l): Conv2d(384, 128, kernel_size=(3, 3), stride=(1, 1), padding=(1, 1), bias=False, padding_mode=reflect)
          (convg2g): SpectralTransform(
            (downsample): Identity()
            (conv1): Sequential(
              (0): Conv2d(384, 192, kernel_size=(1, 1), stride=(1, 1), bias=False)
              (1): BatchNorm2d(192, eps=1e-05, momentum=0.1, affine=True, track_running_stats=True)
              (2): ReLU(inplace=True)
            )
            (fu): FourierUnit(
              (conv_layer): Conv2d(384, 384, kernel_size=(1, 1), stride=(1, 1), bias=False)
              (bn): BatchNorm2d(384, eps=1e-05, momentum=0.1, affine=True, track_running_stats=True)
              (relu): ReLU(inplace=True)
            )
            (conv2): Conv2d(192, 384, kernel_size=(1, 1), stride=(1, 1), bias=False)
          )
          (gate): Identity()
        )
        (bn_l): BatchNorm2d(128, eps=1e-05, momentum=0.1, affine=True, track_running_stats=True)
        (bn_g): BatchNorm2d(384, eps=1e-05, momentum=0.1, affine=True, track_running_stats=True)
        (act_l): ReLU(inplace=True)
        (act_g): ReLU(inplace=True)
      )
    )
    (13): FFCResnetBlock(
      (conv1): FFC_BN_ACT(
        (ffc): FFC(
          (convl2l): Conv2d(128, 128, kernel_size=(3, 3), stride=(1, 1), padding=(1, 1), bias=False, padding_mode=reflect)
          (convl2g): Conv2d(128, 384, kernel_size=(3, 3), stride=(1, 1), padding=(1, 1), bias=False, padding_mode=reflect)
          (convg2l): Conv2d(384, 128, kernel_size=(3, 3), stride=(1, 1), padding=(1, 1), bias=False, padding_mode=reflect)
          (convg2g): SpectralTransform(
            (downsample): Identity()
            (conv1): Sequential(
              (0): Conv2d(384, 192, kernel_size=(1, 1), stride=(1, 1), bias=False)
              (1): BatchNorm2d(192, eps=1e-05, momentum=0.1, affine=True, track_running_stats=True)
              (2): ReLU(inplace=True)
            )
            (fu): FourierUnit(
              (conv_layer): Conv2d(384, 384, kernel_size=(1, 1), stride=(1, 1), bias=False)
              (bn): BatchNorm2d(384, eps=1e-05, momentum=0.1, affine=True, track_running_stats=True)
              (relu): ReLU(inplace=True)
            )
            (conv2): Conv2d(192, 384, kernel_size=(1, 1), stride=(1, 1), bias=False)
          )
          (gate): Identity()
        )
        (bn_l): BatchNorm2d(128, eps=1e-05, momentum=0.1, affine=True, track_running_stats=True)
        (bn_g): BatchNorm2d(384, eps=1e-05, momentum=0.1, affine=True, track_running_stats=True)
        (act_l): ReLU(inplace=True)
        (act_g): ReLU(inplace=True)
      )
      (conv2): FFC_BN_ACT(
        (ffc): FFC(
          (convl2l): Conv2d(128, 128, kernel_size=(3, 3), stride=(1, 1), padding=(1, 1), bias=False, padding_mode=reflect)
          (convl2g): Conv2d(128, 384, kernel_size=(3, 3), stride=(1, 1), padding=(1, 1), bias=False, padding_mode=reflect)
          (convg2l): Conv2d(384, 128, kernel_size=(3, 3), stride=(1, 1), padding=(1, 1), bias=False, padding_mode=reflect)
          (convg2g): SpectralTransform(
            (downsample): Identity()
            (conv1): Sequential(
              (0): Conv2d(384, 192, kernel_size=(1, 1), stride=(1, 1), bias=False)
              (1): BatchNorm2d(192, eps=1e-05, momentum=0.1, affine=True, track_running_stats=True)
              (2): ReLU(inplace=True)
            )
            (fu): FourierUnit(
              (conv_layer): Conv2d(384, 384, kernel_size=(1, 1), stride=(1, 1), bias=False)
              (bn): BatchNorm2d(384, eps=1e-05, momentum=0.1, affine=True, track_running_stats=True)
              (relu): ReLU(inplace=True)
            )
            (conv2): Conv2d(192, 384, kernel_size=(1, 1), stride=(1, 1), bias=False)
          )
          (gate): Identity()
        )
        (bn_l): BatchNorm2d(128, eps=1e-05, momentum=0.1, affine=True, track_running_stats=True)
        (bn_g): BatchNorm2d(384, eps=1e-05, momentum=0.1, affine=True, track_running_stats=True)
        (act_l): ReLU(inplace=True)
        (act_g): ReLU(inplace=True)
      )
    )
    (14): FFCResnetBlock(
      (conv1): FFC_BN_ACT(
        (ffc): FFC(
          (convl2l): Conv2d(128, 128, kernel_size=(3, 3), stride=(1, 1), padding=(1, 1), bias=False, padding_mode=reflect)
          (convl2g): Conv2d(128, 384, kernel_size=(3, 3), stride=(1, 1), padding=(1, 1), bias=False, padding_mode=reflect)
          (convg2l): Conv2d(384, 128, kernel_size=(3, 3), stride=(1, 1), padding=(1, 1), bias=False, padding_mode=reflect)
          (convg2g): SpectralTransform(
            (downsample): Identity()
            (conv1): Sequential(
              (0): Conv2d(384, 192, kernel_size=(1, 1), stride=(1, 1), bias=False)
              (1): BatchNorm2d(192, eps=1e-05, momentum=0.1, affine=True, track_running_stats=True)
              (2): ReLU(inplace=True)
            )
            (fu): FourierUnit(
              (conv_layer): Conv2d(384, 384, kernel_size=(1, 1), stride=(1, 1), bias=False)
              (bn): BatchNorm2d(384, eps=1e-05, momentum=0.1, affine=True, track_running_stats=True)
              (relu): ReLU(inplace=True)
            )
            (conv2): Conv2d(192, 384, kernel_size=(1, 1), stride=(1, 1), bias=False)
          )
          (gate): Identity()
        )
        (bn_l): BatchNorm2d(128, eps=1e-05, momentum=0.1, affine=True, track_running_stats=True)
        (bn_g): BatchNorm2d(384, eps=1e-05, momentum=0.1, affine=True, track_running_stats=True)
        (act_l): ReLU(inplace=True)
        (act_g): ReLU(inplace=True)
      )
      (conv2): FFC_BN_ACT(
        (ffc): FFC(
          (convl2l): Conv2d(128, 128, kernel_size=(3, 3), stride=(1, 1), padding=(1, 1), bias=False, padding_mode=reflect)
          (convl2g): Conv2d(128, 384, kernel_size=(3, 3), stride=(1, 1), padding=(1, 1), bias=False, padding_mode=reflect)
          (convg2l): Conv2d(384, 128, kernel_size=(3, 3), stride=(1, 1), padding=(1, 1), bias=False, padding_mode=reflect)
          (convg2g): SpectralTransform(
            (downsample): Identity()
            (conv1): Sequential(
              (0): Conv2d(384, 192, kernel_size=(1, 1), stride=(1, 1), bias=False)
              (1): BatchNorm2d(192, eps=1e-05, momentum=0.1, affine=True, track_running_stats=True)
              (2): ReLU(inplace=True)
            )
            (fu): FourierUnit(
              (conv_layer): Conv2d(384, 384, kernel_size=(1, 1), stride=(1, 1), bias=False)
              (bn): BatchNorm2d(384, eps=1e-05, momentum=0.1, affine=True, track_running_stats=True)
              (relu): ReLU(inplace=True)
            )
            (conv2): Conv2d(192, 384, kernel_size=(1, 1), stride=(1, 1), bias=False)
          )
          (gate): Identity()
        )
        (bn_l): BatchNorm2d(128, eps=1e-05, momentum=0.1, affine=True, track_running_stats=True)
        (bn_g): BatchNorm2d(384, eps=1e-05, momentum=0.1, affine=True, track_running_stats=True)
        (act_l): ReLU(inplace=True)
        (act_g): ReLU(inplace=True)
      )
    )
    (15): FFCResnetBlock(
      (conv1): FFC_BN_ACT(
        (ffc): FFC(
          (convl2l): Conv2d(128, 128, kernel_size=(3, 3), stride=(1, 1), padding=(1, 1), bias=False, padding_mode=reflect)
          (convl2g): Conv2d(128, 384, kernel_size=(3, 3), stride=(1, 1), padding=(1, 1), bias=False, padding_mode=reflect)
          (convg2l): Conv2d(384, 128, kernel_size=(3, 3), stride=(1, 1), padding=(1, 1), bias=False, padding_mode=reflect)
          (convg2g): SpectralTransform(
            (downsample): Identity()
            (conv1): Sequential(
              (0): Conv2d(384, 192, kernel_size=(1, 1), stride=(1, 1), bias=False)
              (1): BatchNorm2d(192, eps=1e-05, momentum=0.1, affine=True, track_running_stats=True)
              (2): ReLU(inplace=True)
            )
            (fu): FourierUnit(
              (conv_layer): Conv2d(384, 384, kernel_size=(1, 1), stride=(1, 1), bias=False)
              (bn): BatchNorm2d(384, eps=1e-05, momentum=0.1, affine=True, track_running_stats=True)
              (relu): ReLU(inplace=True)
            )
            (conv2): Conv2d(192, 384, kernel_size=(1, 1), stride=(1, 1), bias=False)
          )
          (gate): Identity()
        )
        (bn_l): BatchNorm2d(128, eps=1e-05, momentum=0.1, affine=True, track_running_stats=True)
        (bn_g): BatchNorm2d(384, eps=1e-05, momentum=0.1, affine=True, track_running_stats=True)
        (act_l): ReLU(inplace=True)
        (act_g): ReLU(inplace=True)
      )
      (conv2): FFC_BN_ACT(
        (ffc): FFC(
          (convl2l): Conv2d(128, 128, kernel_size=(3, 3), stride=(1, 1), padding=(1, 1), bias=False, padding_mode=reflect)
          (convl2g): Conv2d(128, 384, kernel_size=(3, 3), stride=(1, 1), padding=(1, 1), bias=False, padding_mode=reflect)
          (convg2l): Conv2d(384, 128, kernel_size=(3, 3), stride=(1, 1), padding=(1, 1), bias=False, padding_mode=reflect)
          (convg2g): SpectralTransform(
            (downsample): Identity()
            (conv1): Sequential(
              (0): Conv2d(384, 192, kernel_size=(1, 1), stride=(1, 1), bias=False)
              (1): BatchNorm2d(192, eps=1e-05, momentum=0.1, affine=True, track_running_stats=True)
              (2): ReLU(inplace=True)
            )
            (fu): FourierUnit(
              (conv_layer): Conv2d(384, 384, kernel_size=(1, 1), stride=(1, 1), bias=False)
              (bn): BatchNorm2d(384, eps=1e-05, momentum=0.1, affine=True, track_running_stats=True)
              (relu): ReLU(inplace=True)
            )
            (conv2): Conv2d(192, 384, kernel_size=(1, 1), stride=(1, 1), bias=False)
          )
          (gate): Identity()
        )
        (bn_l): BatchNorm2d(128, eps=1e-05, momentum=0.1, affine=True, track_running_stats=True)
        (bn_g): BatchNorm2d(384, eps=1e-05, momentum=0.1, affine=True, track_running_stats=True)
        (act_l): ReLU(inplace=True)
        (act_g): ReLU(inplace=True)
      )
    )
    (16): FFCResnetBlock(
      (conv1): FFC_BN_ACT(
        (ffc): FFC(
          (convl2l): Conv2d(128, 128, kernel_size=(3, 3), stride=(1, 1), padding=(1, 1), bias=False, padding_mode=reflect)
          (convl2g): Conv2d(128, 384, kernel_size=(3, 3), stride=(1, 1), padding=(1, 1), bias=False, padding_mode=reflect)
          (convg2l): Conv2d(384, 128, kernel_size=(3, 3), stride=(1, 1), padding=(1, 1), bias=False, padding_mode=reflect)
          (convg2g): SpectralTransform(
            (downsample): Identity()
            (conv1): Sequential(
              (0): Conv2d(384, 192, kernel_size=(1, 1), stride=(1, 1), bias=False)
              (1): BatchNorm2d(192, eps=1e-05, momentum=0.1, affine=True, track_running_stats=True)
              (2): ReLU(inplace=True)
            )
            (fu): FourierUnit(
              (conv_layer): Conv2d(384, 384, kernel_size=(1, 1), stride=(1, 1), bias=False)
              (bn): BatchNorm2d(384, eps=1e-05, momentum=0.1, affine=True, track_running_stats=True)
              (relu): ReLU(inplace=True)
            )
            (conv2): Conv2d(192, 384, kernel_size=(1, 1), stride=(1, 1), bias=False)
          )
          (gate): Identity()
        )
        (bn_l): BatchNorm2d(128, eps=1e-05, momentum=0.1, affine=True, track_running_stats=True)
        (bn_g): BatchNorm2d(384, eps=1e-05, momentum=0.1, affine=True, track_running_stats=True)
        (act_l): ReLU(inplace=True)
        (act_g): ReLU(inplace=True)
      )
      (conv2): FFC_BN_ACT(
        (ffc): FFC(
          (convl2l): Conv2d(128, 128, kernel_size=(3, 3), stride=(1, 1), padding=(1, 1), bias=False, padding_mode=reflect)
          (convl2g): Conv2d(128, 384, kernel_size=(3, 3), stride=(1, 1), padding=(1, 1), bias=False, padding_mode=reflect)
          (convg2l): Conv2d(384, 128, kernel_size=(3, 3), stride=(1, 1), padding=(1, 1), bias=False, padding_mode=reflect)
          (convg2g): SpectralTransform(
            (downsample): Identity()
            (conv1): Sequential(
              (0): Conv2d(384, 192, kernel_size=(1, 1), stride=(1, 1), bias=False)
              (1): BatchNorm2d(192, eps=1e-05, momentum=0.1, affine=True, track_running_stats=True)
              (2): ReLU(inplace=True)
            )
            (fu): FourierUnit(
              (conv_layer): Conv2d(384, 384, kernel_size=(1, 1), stride=(1, 1), bias=False)
              (bn): BatchNorm2d(384, eps=1e-05, momentum=0.1, affine=True, track_running_stats=True)
              (relu): ReLU(inplace=True)
            )
            (conv2): Conv2d(192, 384, kernel_size=(1, 1), stride=(1, 1), bias=False)
          )
          (gate): Identity()
        )
        (bn_l): BatchNorm2d(128, eps=1e-05, momentum=0.1, affine=True, track_running_stats=True)
        (bn_g): BatchNorm2d(384, eps=1e-05, momentum=0.1, affine=True, track_running_stats=True)
        (act_l): ReLU(inplace=True)
        (act_g): ReLU(inplace=True)
      )
    )
    (17): FFCResnetBlock(
      (conv1): FFC_BN_ACT(
        (ffc): FFC(
          (convl2l): Conv2d(128, 128, kernel_size=(3, 3), stride=(1, 1), padding=(1, 1), bias=False, padding_mode=reflect)
          (convl2g): Conv2d(128, 384, kernel_size=(3, 3), stride=(1, 1), padding=(1, 1), bias=False, padding_mode=reflect)
          (convg2l): Conv2d(384, 128, kernel_size=(3, 3), stride=(1, 1), padding=(1, 1), bias=False, padding_mode=reflect)
          (convg2g): SpectralTransform(
            (downsample): Identity()
            (conv1): Sequential(
              (0): Conv2d(384, 192, kernel_size=(1, 1), stride=(1, 1), bias=False)
              (1): BatchNorm2d(192, eps=1e-05, momentum=0.1, affine=True, track_running_stats=True)
              (2): ReLU(inplace=True)
            )
            (fu): FourierUnit(
              (conv_layer): Conv2d(384, 384, kernel_size=(1, 1), stride=(1, 1), bias=False)
              (bn): BatchNorm2d(384, eps=1e-05, momentum=0.1, affine=True, track_running_stats=True)
              (relu): ReLU(inplace=True)
            )
            (conv2): Conv2d(192, 384, kernel_size=(1, 1), stride=(1, 1), bias=False)
          )
          (gate): Identity()
        )
        (bn_l): BatchNorm2d(128, eps=1e-05, momentum=0.1, affine=True, track_running_stats=True)
        (bn_g): BatchNorm2d(384, eps=1e-05, momentum=0.1, affine=True, track_running_stats=True)
        (act_l): ReLU(inplace=True)
        (act_g): ReLU(inplace=True)
      )
      (conv2): FFC_BN_ACT(
        (ffc): FFC(
          (convl2l): Conv2d(128, 128, kernel_size=(3, 3), stride=(1, 1), padding=(1, 1), bias=False, padding_mode=reflect)
          (convl2g): Conv2d(128, 384, kernel_size=(3, 3), stride=(1, 1), padding=(1, 1), bias=False, padding_mode=reflect)
          (convg2l): Conv2d(384, 128, kernel_size=(3, 3), stride=(1, 1), padding=(1, 1), bias=False, padding_mode=reflect)
          (convg2g): SpectralTransform(
            (downsample): Identity()
            (conv1): Sequential(
              (0): Conv2d(384, 192, kernel_size=(1, 1), stride=(1, 1), bias=False)
              (1): BatchNorm2d(192, eps=1e-05, momentum=0.1, affine=True, track_running_stats=True)
              (2): ReLU(inplace=True)
            )
            (fu): FourierUnit(
              (conv_layer): Conv2d(384, 384, kernel_size=(1, 1), stride=(1, 1), bias=False)
              (bn): BatchNorm2d(384, eps=1e-05, momentum=0.1, affine=True, track_running_stats=True)
              (relu): ReLU(inplace=True)
            )
            (conv2): Conv2d(192, 384, kernel_size=(1, 1), stride=(1, 1), bias=False)
          )
          (gate): Identity()
        )
        (bn_l): BatchNorm2d(128, eps=1e-05, momentum=0.1, affine=True, track_running_stats=True)
        (bn_g): BatchNorm2d(384, eps=1e-05, momentum=0.1, affine=True, track_running_stats=True)
        (act_l): ReLU(inplace=True)
        (act_g): ReLU(inplace=True)
      )
    )
    (18): FFCResnetBlock(
      (conv1): FFC_BN_ACT(
        (ffc): FFC(
          (convl2l): Conv2d(128, 128, kernel_size=(3, 3), stride=(1, 1), padding=(1, 1), bias=False, padding_mode=reflect)
          (convl2g): Conv2d(128, 384, kernel_size=(3, 3), stride=(1, 1), padding=(1, 1), bias=False, padding_mode=reflect)
          (convg2l): Conv2d(384, 128, kernel_size=(3, 3), stride=(1, 1), padding=(1, 1), bias=False, padding_mode=reflect)
          (convg2g): SpectralTransform(
            (downsample): Identity()
            (conv1): Sequential(
              (0): Conv2d(384, 192, kernel_size=(1, 1), stride=(1, 1), bias=False)
              (1): BatchNorm2d(192, eps=1e-05, momentum=0.1, affine=True, track_running_stats=True)
              (2): ReLU(inplace=True)
            )
            (fu): FourierUnit(
              (conv_layer): Conv2d(384, 384, kernel_size=(1, 1), stride=(1, 1), bias=False)
              (bn): BatchNorm2d(384, eps=1e-05, momentum=0.1, affine=True, track_running_stats=True)
              (relu): ReLU(inplace=True)
            )
            (conv2): Conv2d(192, 384, kernel_size=(1, 1), stride=(1, 1), bias=False)
          )
          (gate): Identity()
        )
        (bn_l): BatchNorm2d(128, eps=1e-05, momentum=0.1, affine=True, track_running_stats=True)
        (bn_g): BatchNorm2d(384, eps=1e-05, momentum=0.1, affine=True, track_running_stats=True)
        (act_l): ReLU(inplace=True)
        (act_g): ReLU(inplace=True)
      )
      (conv2): FFC_BN_ACT(
        (ffc): FFC(
          (convl2l): Conv2d(128, 128, kernel_size=(3, 3), stride=(1, 1), padding=(1, 1), bias=False, padding_mode=reflect)
          (convl2g): Conv2d(128, 384, kernel_size=(3, 3), stride=(1, 1), padding=(1, 1), bias=False, padding_mode=reflect)
          (convg2l): Conv2d(384, 128, kernel_size=(3, 3), stride=(1, 1), padding=(1, 1), bias=False, padding_mode=reflect)
          (convg2g): SpectralTransform(
            (downsample): Identity()
            (conv1): Sequential(
              (0): Conv2d(384, 192, kernel_size=(1, 1), stride=(1, 1), bias=False)
              (1): BatchNorm2d(192, eps=1e-05, momentum=0.1, affine=True, track_running_stats=True)
              (2): ReLU(inplace=True)
            )
            (fu): FourierUnit(
              (conv_layer): Conv2d(384, 384, kernel_size=(1, 1), stride=(1, 1), bias=False)
              (bn): BatchNorm2d(384, eps=1e-05, momentum=0.1, affine=True, track_running_stats=True)
              (relu): ReLU(inplace=True)
            )
            (conv2): Conv2d(192, 384, kernel_size=(1, 1), stride=(1, 1), bias=False)
          )
          (gate): Identity()
        )
        (bn_l): BatchNorm2d(128, eps=1e-05, momentum=0.1, affine=True, track_running_stats=True)
        (bn_g): BatchNorm2d(384, eps=1e-05, momentum=0.1, affine=True, track_running_stats=True)
        (act_l): ReLU(inplace=True)
        (act_g): ReLU(inplace=True)
      )
    )
    (19): FFCResnetBlock(
      (conv1): FFC_BN_ACT(
        (ffc): FFC(
          (convl2l): Conv2d(128, 128, kernel_size=(3, 3), stride=(1, 1), padding=(1, 1), bias=False, padding_mode=reflect)
          (convl2g): Conv2d(128, 384, kernel_size=(3, 3), stride=(1, 1), padding=(1, 1), bias=False, padding_mode=reflect)
          (convg2l): Conv2d(384, 128, kernel_size=(3, 3), stride=(1, 1), padding=(1, 1), bias=False, padding_mode=reflect)
          (convg2g): SpectralTransform(
            (downsample): Identity()
            (conv1): Sequential(
              (0): Conv2d(384, 192, kernel_size=(1, 1), stride=(1, 1), bias=False)
              (1): BatchNorm2d(192, eps=1e-05, momentum=0.1, affine=True, track_running_stats=True)
              (2): ReLU(inplace=True)
            )
            (fu): FourierUnit(
              (conv_layer): Conv2d(384, 384, kernel_size=(1, 1), stride=(1, 1), bias=False)
              (bn): BatchNorm2d(384, eps=1e-05, momentum=0.1, affine=True, track_running_stats=True)
              (relu): ReLU(inplace=True)
            )
            (conv2): Conv2d(192, 384, kernel_size=(1, 1), stride=(1, 1), bias=False)
          )
          (gate): Identity()
        )
        (bn_l): BatchNorm2d(128, eps=1e-05, momentum=0.1, affine=True, track_running_stats=True)
        (bn_g): BatchNorm2d(384, eps=1e-05, momentum=0.1, affine=True, track_running_stats=True)
        (act_l): ReLU(inplace=True)
        (act_g): ReLU(inplace=True)
      )
      (conv2): FFC_BN_ACT(
        (ffc): FFC(
          (convl2l): Conv2d(128, 128, kernel_size=(3, 3), stride=(1, 1), padding=(1, 1), bias=False, padding_mode=reflect)
          (convl2g): Conv2d(128, 384, kernel_size=(3, 3), stride=(1, 1), padding=(1, 1), bias=False, padding_mode=reflect)
          (convg2l): Conv2d(384, 128, kernel_size=(3, 3), stride=(1, 1), padding=(1, 1), bias=False, padding_mode=reflect)
          (convg2g): SpectralTransform(
            (downsample): Identity()
            (conv1): Sequential(
              (0): Conv2d(384, 192, kernel_size=(1, 1), stride=(1, 1), bias=False)
              (1): BatchNorm2d(192, eps=1e-05, momentum=0.1, affine=True, track_running_stats=True)
              (2): ReLU(inplace=True)
            )
            (fu): FourierUnit(
              (conv_layer): Conv2d(384, 384, kernel_size=(1, 1), stride=(1, 1), bias=False)
              (bn): BatchNorm2d(384, eps=1e-05, momentum=0.1, affine=True, track_running_stats=True)
              (relu): ReLU(inplace=True)
            )
            (conv2): Conv2d(192, 384, kernel_size=(1, 1), stride=(1, 1), bias=False)
          )
          (gate): Identity()
        )
        (bn_l): BatchNorm2d(128, eps=1e-05, momentum=0.1, affine=True, track_running_stats=True)
        (bn_g): BatchNorm2d(384, eps=1e-05, momentum=0.1, affine=True, track_running_stats=True)
        (act_l): ReLU(inplace=True)
        (act_g): ReLU(inplace=True)
      )
    )
    (20): FFCResnetBlock(
      (conv1): FFC_BN_ACT(
        (ffc): FFC(
          (convl2l): Conv2d(128, 128, kernel_size=(3, 3), stride=(1, 1), padding=(1, 1), bias=False, padding_mode=reflect)
          (convl2g): Conv2d(128, 384, kernel_size=(3, 3), stride=(1, 1), padding=(1, 1), bias=False, padding_mode=reflect)
          (convg2l): Conv2d(384, 128, kernel_size=(3, 3), stride=(1, 1), padding=(1, 1), bias=False, padding_mode=reflect)
          (convg2g): SpectralTransform(
            (downsample): Identity()
            (conv1): Sequential(
              (0): Conv2d(384, 192, kernel_size=(1, 1), stride=(1, 1), bias=False)
              (1): BatchNorm2d(192, eps=1e-05, momentum=0.1, affine=True, track_running_stats=True)
              (2): ReLU(inplace=True)
            )
            (fu): FourierUnit(
              (conv_layer): Conv2d(384, 384, kernel_size=(1, 1), stride=(1, 1), bias=False)
              (bn): BatchNorm2d(384, eps=1e-05, momentum=0.1, affine=True, track_running_stats=True)
              (relu): ReLU(inplace=True)
            )
            (conv2): Conv2d(192, 384, kernel_size=(1, 1), stride=(1, 1), bias=False)
          )
          (gate): Identity()
        )
        (bn_l): BatchNorm2d(128, eps=1e-05, momentum=0.1, affine=True, track_running_stats=True)
        (bn_g): BatchNorm2d(384, eps=1e-05, momentum=0.1, affine=True, track_running_stats=True)
        (act_l): ReLU(inplace=True)
        (act_g): ReLU(inplace=True)
      )
      (conv2): FFC_BN_ACT(
        (ffc): FFC(
          (convl2l): Conv2d(128, 128, kernel_size=(3, 3), stride=(1, 1), padding=(1, 1), bias=False, padding_mode=reflect)
          (convl2g): Conv2d(128, 384, kernel_size=(3, 3), stride=(1, 1), padding=(1, 1), bias=False, padding_mode=reflect)
          (convg2l): Conv2d(384, 128, kernel_size=(3, 3), stride=(1, 1), padding=(1, 1), bias=False, padding_mode=reflect)
          (convg2g): SpectralTransform(
            (downsample): Identity()
            (conv1): Sequential(
              (0): Conv2d(384, 192, kernel_size=(1, 1), stride=(1, 1), bias=False)
              (1): BatchNorm2d(192, eps=1e-05, momentum=0.1, affine=True, track_running_stats=True)
              (2): ReLU(inplace=True)
            )
            (fu): FourierUnit(
              (conv_layer): Conv2d(384, 384, kernel_size=(1, 1), stride=(1, 1), bias=False)
              (bn): BatchNorm2d(384, eps=1e-05, momentum=0.1, affine=True, track_running_stats=True)
              (relu): ReLU(inplace=True)
            )
            (conv2): Conv2d(192, 384, kernel_size=(1, 1), stride=(1, 1), bias=False)
          )
          (gate): Identity()
        )
        (bn_l): BatchNorm2d(128, eps=1e-05, momentum=0.1, affine=True, track_running_stats=True)
        (bn_g): BatchNorm2d(384, eps=1e-05, momentum=0.1, affine=True, track_running_stats=True)
        (act_l): ReLU(inplace=True)
        (act_g): ReLU(inplace=True)
      )
    )
    (21): FFCResnetBlock(
      (conv1): FFC_BN_ACT(
        (ffc): FFC(
          (convl2l): Conv2d(128, 128, kernel_size=(3, 3), stride=(1, 1), padding=(1, 1), bias=False, padding_mode=reflect)
          (convl2g): Conv2d(128, 384, kernel_size=(3, 3), stride=(1, 1), padding=(1, 1), bias=False, padding_mode=reflect)
          (convg2l): Conv2d(384, 128, kernel_size=(3, 3), stride=(1, 1), padding=(1, 1), bias=False, padding_mode=reflect)
          (convg2g): SpectralTransform(
            (downsample): Identity()
            (conv1): Sequential(
              (0): Conv2d(384, 192, kernel_size=(1, 1), stride=(1, 1), bias=False)
              (1): BatchNorm2d(192, eps=1e-05, momentum=0.1, affine=True, track_running_stats=True)
              (2): ReLU(inplace=True)
            )
            (fu): FourierUnit(
              (conv_layer): Conv2d(384, 384, kernel_size=(1, 1), stride=(1, 1), bias=False)
              (bn): BatchNorm2d(384, eps=1e-05, momentum=0.1, affine=True, track_running_stats=True)
              (relu): ReLU(inplace=True)
            )
            (conv2): Conv2d(192, 384, kernel_size=(1, 1), stride=(1, 1), bias=False)
          )
          (gate): Identity()
        )
        (bn_l): BatchNorm2d(128, eps=1e-05, momentum=0.1, affine=True, track_running_stats=True)
        (bn_g): BatchNorm2d(384, eps=1e-05, momentum=0.1, affine=True, track_running_stats=True)
        (act_l): ReLU(inplace=True)
        (act_g): ReLU(inplace=True)
      )
      (conv2): FFC_BN_ACT(
        (ffc): FFC(
          (convl2l): Conv2d(128, 128, kernel_size=(3, 3), stride=(1, 1), padding=(1, 1), bias=False, padding_mode=reflect)
          (convl2g): Conv2d(128, 384, kernel_size=(3, 3), stride=(1, 1), padding=(1, 1), bias=False, padding_mode=reflect)
          (convg2l): Conv2d(384, 128, kernel_size=(3, 3), stride=(1, 1), padding=(1, 1), bias=False, padding_mode=reflect)
          (convg2g): SpectralTransform(
            (downsample): Identity()
            (conv1): Sequential(
              (0): Conv2d(384, 192, kernel_size=(1, 1), stride=(1, 1), bias=False)
              (1): BatchNorm2d(192, eps=1e-05, momentum=0.1, affine=True, track_running_stats=True)
              (2): ReLU(inplace=True)
            )
            (fu): FourierUnit(
              (conv_layer): Conv2d(384, 384, kernel_size=(1, 1), stride=(1, 1), bias=False)
              (bn): BatchNorm2d(384, eps=1e-05, momentum=0.1, affine=True, track_running_stats=True)
              (relu): ReLU(inplace=True)
            )
            (conv2): Conv2d(192, 384, kernel_size=(1, 1), stride=(1, 1), bias=False)
          )
          (gate): Identity()
        )
        (bn_l): BatchNorm2d(128, eps=1e-05, momentum=0.1, affine=True, track_running_stats=True)
        (bn_g): BatchNorm2d(384, eps=1e-05, momentum=0.1, affine=True, track_running_stats=True)
        (act_l): ReLU(inplace=True)
        (act_g): ReLU(inplace=True)
      )
    )
    (22): FFCResnetBlock(
      (conv1): FFC_BN_ACT(
        (ffc): FFC(
          (convl2l): Conv2d(128, 128, kernel_size=(3, 3), stride=(1, 1), padding=(1, 1), bias=False, padding_mode=reflect)
          (convl2g): Conv2d(128, 384, kernel_size=(3, 3), stride=(1, 1), padding=(1, 1), bias=False, padding_mode=reflect)
          (convg2l): Conv2d(384, 128, kernel_size=(3, 3), stride=(1, 1), padding=(1, 1), bias=False, padding_mode=reflect)
          (convg2g): SpectralTransform(
            (downsample): Identity()
            (conv1): Sequential(
              (0): Conv2d(384, 192, kernel_size=(1, 1), stride=(1, 1), bias=False)
              (1): BatchNorm2d(192, eps=1e-05, momentum=0.1, affine=True, track_running_stats=True)
              (2): ReLU(inplace=True)
            )
            (fu): FourierUnit(
              (conv_layer): Conv2d(384, 384, kernel_size=(1, 1), stride=(1, 1), bias=False)
              (bn): BatchNorm2d(384, eps=1e-05, momentum=0.1, affine=True, track_running_stats=True)
              (relu): ReLU(inplace=True)
            )
            (conv2): Conv2d(192, 384, kernel_size=(1, 1), stride=(1, 1), bias=False)
          )
          (gate): Identity()
        )
        (bn_l): BatchNorm2d(128, eps=1e-05, momentum=0.1, affine=True, track_running_stats=True)
        (bn_g): BatchNorm2d(384, eps=1e-05, momentum=0.1, affine=True, track_running_stats=True)
        (act_l): ReLU(inplace=True)
        (act_g): ReLU(inplace=True)
      )
      (conv2): FFC_BN_ACT(
        (ffc): FFC(
          (convl2l): Conv2d(128, 128, kernel_size=(3, 3), stride=(1, 1), padding=(1, 1), bias=False, padding_mode=reflect)
          (convl2g): Conv2d(128, 384, kernel_size=(3, 3), stride=(1, 1), padding=(1, 1), bias=False, padding_mode=reflect)
          (convg2l): Conv2d(384, 128, kernel_size=(3, 3), stride=(1, 1), padding=(1, 1), bias=False, padding_mode=reflect)
          (convg2g): SpectralTransform(
            (downsample): Identity()
            (conv1): Sequential(
              (0): Conv2d(384, 192, kernel_size=(1, 1), stride=(1, 1), bias=False)
              (1): BatchNorm2d(192, eps=1e-05, momentum=0.1, affine=True, track_running_stats=True)
              (2): ReLU(inplace=True)
            )
            (fu): FourierUnit(
              (conv_layer): Conv2d(384, 384, kernel_size=(1, 1), stride=(1, 1), bias=False)
              (bn): BatchNorm2d(384, eps=1e-05, momentum=0.1, affine=True, track_running_stats=True)
              (relu): ReLU(inplace=True)
            )
            (conv2): Conv2d(192, 384, kernel_size=(1, 1), stride=(1, 1), bias=False)
          )
          (gate): Identity()
        )
        (bn_l): BatchNorm2d(128, eps=1e-05, momentum=0.1, affine=True, track_running_stats=True)
        (bn_g): BatchNorm2d(384, eps=1e-05, momentum=0.1, affine=True, track_running_stats=True)
        (act_l): ReLU(inplace=True)
        (act_g): ReLU(inplace=True)
      )
    )
    (23): ConcatTupleLayer()
    (24): ConvTranspose2d(512, 256, kernel_size=(3, 3), stride=(2, 2), padding=(1, 1), output_padding=(1, 1))
    (25): BatchNorm2d(256, eps=1e-05, momentum=0.1, affine=True, track_running_stats=True)
    (26): ReLU(inplace=True)
    (27): ConvTranspose2d(256, 128, kernel_size=(3, 3), stride=(2, 2), padding=(1, 1), output_padding=(1, 1))
    (28): BatchNorm2d(128, eps=1e-05, momentum=0.1, affine=True, track_running_stats=True)
    (29): ReLU(inplace=True)
    (30): ConvTranspose2d(128, 64, kernel_size=(3, 3), stride=(2, 2), padding=(1, 1), output_padding=(1, 1))
    (31): BatchNorm2d(64, eps=1e-05, momentum=0.1, affine=True, track_running_stats=True)
    (32): ReLU(inplace=True)
    (33): ReflectionPad2d((3, 3, 3, 3))
    (34): Conv2d(64, 3, kernel_size=(7, 7), stride=(1, 1))
    (35): Sigmoid()
  )
)
INFO: BaseInpaintingTrainingModule init done
INFO: Processing f142b62f-889c-59dd-9c6b-86d39733dffe.jpg
INFO: Enlarge object baseball bat
INFO: Shrink object baseball glove
INFO: Enlarge object sports ball
INFO: Processed 1/3559 images
INFO: Processing c805e0eb-1e33-5e7f-aa8f-a960b9bcf2f2.jpg
INFO: Enlarge object chair
INFO: Enlarge object potted plant
INFO: Shrink object book
INFO: Shrink object vase
INFO: Shrink object dining table
INFO: Processed 2/3559 images
INFO: Processing a5e6fbb9-19a7-5c42-b1cd-2ab2c3fe43ee.jpg
WARNING: Object person not processed
INFO: Processing bb4a4f3b-8c61-534d-a464-bcac7b893a68.jpg
INFO: Enlarge object cell phone
INFO: Processed 3/3559 images
INFO: Processing 829da1b0-5492-56b3-aff3-61857ce68246.jpg
WARNING: Object tie not processed
INFO: Processing 310c15fd-556f-5380-a5cb-e41f6e92d1b8.jpg
INFO: Enlarge object kite
INFO: Processed 4/3559 images
INFO: Processing ee364f3a-60ec-59d6-a3cd-f6d8efecf104.jpg
INFO: Shrink object handbag
INFO: Processed 5/3559 images
INFO: Processing ed9ef800-1395-52c7-9118-f858d3f09610.jpg
INFO: Shrink object surfboard
INFO: Processed 6/3559 images
INFO: Processing 3d8fa838-b437-5895-a037-6ace0062c4c1.jpg
INFO: Shrink object laptop
INFO: Processed 7/3559 images
INFO: Processing 9ef0d020-87f1-5da7-9658-9cb12f52afd8.jpg
WARNING: Object person not processed
INFO: Processing 3ca01fb7-f7ea-5ab1-be35-f2980a0aa00f.jpg
WARNING: Object tie not processed
INFO: Processing e4cfc1f3-f1d3-57c9-92f8-5526d60ea52c.jpg
INFO: Enlarge object baseball glove
INFO: Processed 8/3559 images
INFO: Processing c3cf7ffb-634e-5bdd-9eba-e4cfc2884e39.jpg
WARNING: Object tie not processed
INFO: Processing 2830a399-c18e-5064-a063-f00caf3c3cba.jpg
WARNING: Object person not processed
INFO: Processing 5cbb34ab-4682-5df8-876c-17ed88b348d3.jpg
INFO: Shrink object book
INFO: Processed 9/3559 images
INFO: Processing cca912bf-56a6-58cf-be5a-ea1a69e43246.jpg
INFO: Shrink object chair
INFO: Processed 10/3559 images
INFO: Processing 2b54e827-34a0-5b7b-aff8-0cdc3160da10.jpg
WARNING: Object tie not processed
INFO: Processing 4f15e041-8062-5dc8-904f-2b2bf3b96295.jpg
INFO: Enlarge object book
INFO: Processed 11/3559 images
INFO: Processing 5d5b4c39-57a0-573a-a4ed-c880e0632723.jpg
INFO: Enlarge object chair
INFO: Processed 12/3559 images
INFO: Processing ef2ebb47-f6c8-52ab-85ac-d34aee4fa832.jpg
WARNING: Object person not processed
INFO: Processing e93bfd98-18d7-5dfd-af4a-bc7b985d0945.jpg
INFO: Shrink object sports ball
INFO: Processed 13/3559 images
INFO: Processing cfce7596-4d09-523e-9a9d-5c9f1b421323.jpg
INFO: Shrink object sports ball
INFO: Processed 14/3559 images
INFO: Processing 9a0da1b5-7789-5ee9-8963-372dadc6356e.jpg
WARNING: Object person not processed
INFO: Processing 16fa5480-c81d-51f7-8bdc-bd56bdc324ba.jpg
INFO: Shrink object fire hydrant
INFO: Processed 15/3559 images
INFO: Processing 135c37c5-f8c5-5ced-a23b-c6e0fe5e80c9.jpg
WARNING: Object tie not processed
INFO: Processing 38a86309-fb6e-54e5-8b05-2b31846371c8.jpg
WARNING: Object person not processed
INFO: Processing 3d001625-0d7b-56f4-84e0-50022ac67d8c.jpg
WARNING: Object tie not processed
INFO: Processing 433cf99f-56f2-5597-848b-b686e49864ce.jpg
INFO: Shrink object backpack
INFO: Shrink object hair drier
INFO: Processed 16/3559 images
INFO: Processing 26d8bc3c-4d22-56e3-bd81-4d2197c779ca.jpg
WARNING: Object person not processed
INFO: Processing 5a94d097-5e56-5595-82d7-dd8522dc0bf8.jpg
INFO: Enlarge object baseball bat
INFO: Processed 17/3559 images
INFO: Processing aac30257-64db-528f-946d-c84eabfac206.jpg
INFO: Enlarge object wine glass
INFO: Shrink object handbag
INFO: Processed 18/3559 images
INFO: Processing 7f506943-0133-59df-8f16-d84d7383fdaa.jpg
WARNING: Object person not processed
INFO: Processing 1e77a44c-d212-5e2c-9a82-88e1e920ca05.jpg
WARNING: Object person not processed
INFO: Processing fc0d7ca0-a492-57e6-9afd-78ae3c12467b.jpg
INFO: Shrink object book
INFO: Processed 19/3559 images
INFO: Processing b7d17879-d926-5edc-a258-11623f5886ad.jpg
WARNING: Object person not processed
INFO: Processing 215c67a4-4cfa-5390-98a4-b68fec3577f5.jpg
INFO: Enlarge object car
INFO: Processed 20/3559 images
INFO: Processing e4fe55b9-7d1d-50cb-919a-6decdb2152b7.jpg
WARNING: Object person not processed
INFO: Processing e4b2a286-6874-5daa-8995-04b106fb0d92.jpg
INFO: Shrink object car
INFO: Processed 21/3559 images
INFO: Processing 2341a1b4-8fbd-5b1b-8ae2-c0a02dc1e035.jpg
INFO: Enlarge object potted plant
INFO: Shrink object vase
INFO: Enlarge object couch
INFO: Shrink object book
INFO: Processed 22/3559 images
INFO: Processing 01049ba9-71a4-527d-9a56-74f0c04b53f7.jpg
WARNING: Object person not processed
INFO: Processing 6460c4b7-aa3a-55ad-93c5-44bbbd058dc7.jpg
WARNING: Object tie not processed
INFO: Processing cb769014-5f33-566a-a1db-e83242074930.jpg
WARNING: Object person not processed
INFO: Processing 37b0aa1e-f747-55d4-919f-906a6d9f18c2.jpg
INFO: Enlarge object book
INFO: Processed 23/3559 images
INFO: Processing 6abe47df-f95c-524f-a36b-ed0818ef43ac.jpg
WARNING: Object tie not processed
INFO: Processing 5751c208-1169-52aa-ac99-7e03837f32fd.jpg
INFO: Shrink object bottle
INFO: Enlarge object cup
INFO: Enlarge object dining table
INFO: Enlarge object bench
INFO: Processed 24/3559 images
INFO: Processing f7957067-e715-5080-82b6-86be5641dab0.jpg
WARNING: Object tie not processed
INFO: Processing f1054fae-7487-5429-8904-ea0e271597d3.jpg
WARNING: Object person not processed
INFO: Processing 01513d5c-ec3f-52a5-9b2c-a7e0ba9637cc.jpg
INFO: Enlarge object cup
INFO: Processed 25/3559 images
INFO: Processing 74d5faeb-e210-57b2-af1e-09fcad938324.jpg
INFO: Enlarge object couch
INFO: Enlarge object potted plant
INFO: Shrink object book
INFO: Enlarge object horse
INFO: Shrink object vase
INFO: Processed 26/3559 images
INFO: Processing ae1221f9-16a8-51eb-b90d-84e5afdedc76.jpg
INFO: Enlarge object sports ball
INFO: Processed 27/3559 images
INFO: Processing 40571bfa-0c1e-561e-8634-5d2326ad192f.jpg
INFO: Enlarge object cup
INFO: Shrink object chair
INFO: Processed 28/3559 images
INFO: Processing 4e47d1db-ca7f-5175-92f3-49dbbe18f111.jpg
INFO: Shrink object umbrella
INFO: Processed 29/3559 images
INFO: Processing 7f51caea-bddd-5d02-b6f2-eaeef54238ad.jpg
INFO: Enlarge object baseball glove
INFO: Enlarge object sports ball
INFO: Processed 30/3559 images
INFO: Processing 237bfc62-6afe-53ef-a7f8-47ff106b6164.jpg
INFO: Enlarge object dining table
